[0mGET / [32m200[0m 606.452 ms - 6827[0m
[0mGET /css/_header.css [32m200[0m 30.302 ms - 911[0m
[0mGET /css/chat_box.css [32m200[0m 32.786 ms - 1182[0m
[0mGET /css/home.css [32m200[0m 43.242 ms - 3628[0m
[0mGET /css/_answer.css [32m200[0m 27.010 ms - 2767[0m
[0mGET /css/_post.css [32m200[0m 54.226 ms - 1938[0m
[0mGET /css/layout.css [32m200[0m 74.189 ms - 794[0m
[0mGET /js/chat_engine.js [32m200[0m 54.226 ms - 2351[0m
[0mGET /favicon.ico [33m404[0m 106.679 ms - 150[0m
[0mPOST /likes/create-post-like [36m302[0m 84.460 ms - 72[0m
[0mGET /css/layout.css [36m304[0m 3.522 ms - -[0m
[0mGET /css/_header.css [36m304[0m 5.318 ms - -[0m
[0mGET /users/sign-in [32m200[0m 587.435 ms - 3111[0m
[0mGET /users/auth/google [36m302[0m 83.118 ms - 0[0m
[0mGET /css/layout.css [36m304[0m 3.582 ms - -[0m
[0mGET /css/_header.css [36m304[0m 2.887 ms - -[0m
[0mGET /users/sign-up [32m200[0m 114.451 ms - 3103[0m
[0mGET /users/sign-in [36m304[0m 116.600 ms - -[0m
[0mGET /css/layout.css [36m304[0m 3.064 ms - -[0m
[0mGET /css/_header.css [36m304[0m 3.759 ms - -[0m
[0mGET /users/sign-in [36m304[0m 93.306 ms - -[0m
[0mGET /css/layout.css [36m304[0m 1.932 ms - -[0m
[0mGET /css/_header.css [36m304[0m 3.760 ms - -[0m
[0mGET /users/profile/6516f2507e4ddf0f68af3807 [36m302[0m 107.751 ms - 72[0m
[0mGET /users/sign-in [36m304[0m 81.685 ms - -[0m
[0mGET /css/layout.css [36m304[0m 1.597 ms - -[0m
[0mGET /css/_header.css [36m304[0m 1.598 ms - -[0m
[0mPOST /users/create-session [36m302[0m 338.715 ms - 46[0m
[0mGET /css/layout.css [36m304[0m 2.204 ms - -[0m
[0mGET /css/_header.css [36m304[0m 5.002 ms - -[0m
[0mGET /css/home.css [36m304[0m 4.924 ms - -[0m
[0mGET /css/chat_box.css [36m304[0m 4.346 ms - -[0m
[0mGET /css/_post.css [36m304[0m 5.202 ms - -[0m
[0mGET /css/_answer.css [36m304[0m 3.149 ms - -[0m
[0mGET /js/chat_engine.js [36m304[0m 1.967 ms - -[0m
[0mGET / [32m200[0m 624.283 ms - 9507[0m
[0mPOST /likes/create-comment-like [36m302[0m 405.008 ms - 88[0m
[0mGET / [0m-[0m - ms - -[0m
[0mPOST /likes/create-comment-like [36m302[0m 485.007 ms - 88[0m
[0mGET /css/layout.css [36m304[0m 2.648 ms - -[0m
[0mGET /css/_header.css [36m304[0m 3.088 ms - -[0m
[0mGET /css/home.css [36m304[0m 3.316 ms - -[0m
[0mGET /css/chat_box.css [36m304[0m 4.281 ms - -[0m
[0mGET /css/_post.css [36m304[0m 4.594 ms - -[0m
[0mGET /css/_answer.css [36m304[0m 3.806 ms - -[0m
[0mGET /js/chat_engine.js [36m304[0m 6.787 ms - -[0m
[0mGET / [32m200[0m 616.710 ms - 9498[0m
[0mPOST /likes/create-comment-like [36m302[0m 667.349 ms - 88[0m
[0mGET /css/layout.css [36m304[0m 1.339 ms - -[0m
[0mGET /css/_header.css [36m304[0m 3.088 ms - -[0m
[0mGET /css/home.css [36m304[0m 2.718 ms - -[0m
[0mGET /css/chat_box.css [36m304[0m 5.247 ms - -[0m
[0mGET /css/_post.css [36m304[0m 4.239 ms - -[0m
[0mGET /css/_answer.css [36m304[0m 5.724 ms - -[0m
[0mGET /js/chat_engine.js [36m304[0m 2.437 ms - -[0m
[0mGET / [32m200[0m 636.481 ms - 9499[0m
[0mPOST /likes/create-answer-like [36m302[0m 530.025 ms - 88[0m
[0mGET /css/layout.css [36m304[0m 6.041 ms - -[0m
[0mGET /css/_header.css [36m304[0m 5.915 ms - -[0m
[0mGET /css/home.css [36m304[0m 5.694 ms - -[0m
[0mGET /css/chat_box.css [36m304[0m 5.248 ms - -[0m
[0mGET /css/_post.css [36m304[0m 5.465 ms - -[0m
[0mGET /css/_answer.css [36m304[0m 1.939 ms - -[0m
[0mGET /js/chat_engine.js [36m304[0m 2.244 ms - -[0m
[0mGET / [32m200[0m 596.485 ms - 9205[0m
[0mPOST /dislikes/create-answer-dislike [0m-[0m - ms - -[0m
[0mGET /css/layout.css [36m304[0m 4.754 ms - -[0m
[0mGET /css/_header.css [36m304[0m 4.916 ms - -[0m
[0mGET /css/home.css [36m304[0m 9.022 ms - -[0m
[0mGET /css/_post.css [36m304[0m 8.889 ms - -[0m
[0mGET /css/profile.css [32m200[0m 23.001 ms - 875[0m
[0mGET /css/_answer.css [36m304[0m 12.890 ms - -[0m
[0mGET /users/profile/6516f2507e4ddf0f68af3807 [32m200[0m 1222.663 ms - 3709[0m
[0mGET / [36m304[0m 1146.045 ms - -[0m
[0mGET /css/layout.css [36m304[0m 2.808 ms - -[0m
[0mGET /css/_header.css [36m304[0m 2.673 ms - -[0m
[0mGET /css/home.css [36m304[0m 4.866 ms - -[0m
[0mGET /css/chat_box.css [36m304[0m 4.515 ms - -[0m
[0mGET /css/_post.css [36m304[0m 4.104 ms - -[0m
[0mGET /css/_answer.css [36m304[0m 7.512 ms - -[0m
[0mGET /js/chat_engine.js [36m304[0m 5.007 ms - -[0m
[0mGET /css/layout.css [36m304[0m 2.938 ms - -[0m
[0mGET /css/_header.css [36m304[0m 2.977 ms - -[0m
[0mGET /css/profile.css [36m304[0m 2.773 ms - -[0m
[0mGET /css/home.css [36m304[0m 2.677 ms - -[0m
[0mGET /css/_post.css [36m304[0m 3.013 ms - -[0m
[0mGET /css/_answer.css [36m304[0m 0.579 ms - -[0m
[0mGET /users/profile/65171b220bd2cc81b71235ee [32m200[0m 703.448 ms - 3762[0m
[0mPOST /friend/create-friend [36m302[0m 704.475 ms - 164[0m
[0mGET /css/layout.css [36m304[0m 1.494 ms - -[0m
[0mGET /css/_header.css [36m304[0m 2.870 ms - -[0m
[0mGET /css/profile.css [36m304[0m 2.759 ms - -[0m
[0mGET /css/home.css [36m304[0m 4.344 ms - -[0m
[0mGET /css/_post.css [36m304[0m 2.575 ms - -[0m
[0mGET /css/_answer.css [36m304[0m 2.213 ms - -[0m
[0mGET /users/profile/65171b220bd2cc81b71235ee [32m200[0m 756.663 ms - 3743[0m
[0mGET /css/layout.css [36m304[0m 1.765 ms - -[0m
[0mGET /css/_header.css [36m304[0m 2.531 ms - -[0m
[0mGET /css/home.css [36m304[0m 4.614 ms - -[0m
[0mGET /css/chat_box.css [36m304[0m 4.334 ms - -[0m
[0mGET /css/_post.css [36m304[0m 4.274 ms - -[0m
[0mGET /css/_answer.css [36m304[0m 4.405 ms - -[0m
[0mGET /js/chat_engine.js [36m304[0m 4.534 ms - -[0m
[0mGET / [32m200[0m 1090.316 ms - 10045[0m
[0mGET /posts/delete/65171a960bd2cc81b71235d7 [36m302[0m 895.400 ms - 88[0m
[0mGET /css/layout.css [36m304[0m 2.820 ms - -[0m
[0mGET /css/chat_box.css [36m304[0m 2.664 ms - -[0m
[0mGET /css/_header.css [36m304[0m 2.263 ms - -[0m
[0mGET /css/home.css [36m304[0m 3.415 ms - -[0m
[0mGET /js/chat_engine.js [36m304[0m 1.635 ms - -[0m
[0mGET / [32m200[0m 865.757 ms - 5032[0m
[0mPOST /friend/create-friend [36m302[0m 612.198 ms - 88[0m
[0mGET /css/layout.css [36m304[0m 1.617 ms - -[0m
[0mGET /css/_header.css [36m304[0m 3.896 ms - -[0m
[0mGET /css/home.css [36m304[0m 3.240 ms - -[0m
[0mGET /css/chat_box.css [36m304[0m 3.323 ms - -[0m
[0mGET /js/chat_engine.js [36m304[0m 3.910 ms - -[0m
[0mGET / [32m200[0m 467.224 ms - 4192[0m
